{"/home/marcos/Área de Trabalho/Projetos/react-native/src/core/domain/entities/Denuncia.ts": {"path":"/home/marcos/Área de Trabalho/Projetos/react-native/src/core/domain/entities/Denuncia.ts","statementMap":{"0":{"start":{"line":24,"column":4},"end":{"line":24,"column":23}},"1":{"start":{"line":25,"column":4},"end":{"line":25,"column":31}},"2":{"start":{"line":26,"column":4},"end":{"line":26,"column":27}},"3":{"start":{"line":27,"column":4},"end":{"line":27,"column":37}},"4":{"start":{"line":28,"column":4},"end":{"line":28,"column":41}},"5":{"start":{"line":29,"column":4},"end":{"line":29,"column":31}},"6":{"start":{"line":30,"column":4},"end":{"line":30,"column":35}},"7":{"start":{"line":42,"column":4},"end":{"line":47,"column":7}},"8":{"start":{"line":52,"column":4},"end":{"line":52,"column":59}},"9":{"start":{"line":56,"column":4},"end":{"line":56,"column":58}},"10":{"start":{"line":60,"column":4},"end":{"line":60,"column":58}},"11":{"start":{"line":65,"column":4},"end":{"line":65,"column":63}},"12":{"start":{"line":69,"column":4},"end":{"line":69,"column":67}}},"fnMap":{"0":{"name":"(anonymous_0)","decl":{"start":{"line":15,"column":2},"end":{"line":15,"column":3}},"loc":{"start":{"line":23,"column":5},"end":{"line":31,"column":3}},"line":23},"1":{"name":"(anonymous_1)","decl":{"start":{"line":33,"column":2},"end":{"line":33,"column":3}},"loc":{"start":{"line":41,"column":14},"end":{"line":48,"column":3}},"line":41},"2":{"name":"(anonymous_2)","decl":{"start":{"line":51,"column":2},"end":{"line":51,"column":3}},"loc":{"start":{"line":51,"column":36},"end":{"line":53,"column":3}},"line":51},"3":{"name":"(anonymous_3)","decl":{"start":{"line":55,"column":2},"end":{"line":55,"column":3}},"loc":{"start":{"line":55,"column":30},"end":{"line":57,"column":3}},"line":55},"4":{"name":"(anonymous_4)","decl":{"start":{"line":59,"column":2},"end":{"line":59,"column":3}},"loc":{"start":{"line":59,"column":30},"end":{"line":61,"column":3}},"line":59},"5":{"name":"(anonymous_5)","decl":{"start":{"line":64,"column":2},"end":{"line":64,"column":3}},"loc":{"start":{"line":64,"column":65},"end":{"line":66,"column":3}},"line":64},"6":{"name":"(anonymous_6)","decl":{"start":{"line":68,"column":2},"end":{"line":68,"column":3}},"loc":{"start":{"line":68,"column":70},"end":{"line":70,"column":3}},"line":68}},"branchMap":{"0":{"loc":{"start":{"line":44,"column":17},"end":{"line":44,"column":40}},"type":"binary-expr","locations":[{"start":{"line":44,"column":17},"end":{"line":44,"column":32}},{"start":{"line":44,"column":36},"end":{"line":44,"column":40}}],"line":44}},"s":{"0":28,"1":28,"2":28,"3":28,"4":28,"5":28,"6":28,"7":20,"8":2,"9":1,"10":0,"11":3,"12":2},"f":{"0":28,"1":20,"2":2,"3":1,"4":0,"5":3,"6":2},"b":{"0":[20,9]},"_coverageSchema":"1a1c01bbd47fc00a2c39e90264f33305004495a9","hash":"696d1e45edf0e7690a0a993714bc2ec9607cc579"}
,"/home/marcos/Área de Trabalho/Projetos/react-native/src/core/domain/entities/User.ts": {"path":"/home/marcos/Área de Trabalho/Projetos/react-native/src/core/domain/entities/User.ts","statementMap":{"0":{"start":{"line":25,"column":4},"end":{"line":25,"column":23}},"1":{"start":{"line":26,"column":4},"end":{"line":26,"column":27}},"2":{"start":{"line":27,"column":4},"end":{"line":27,"column":29}},"3":{"start":{"line":28,"column":4},"end":{"line":28,"column":35}},"4":{"start":{"line":29,"column":4},"end":{"line":29,"column":27}},"5":{"start":{"line":40,"column":4},"end":{"line":42,"column":7}},"6":{"start":{"line":46,"column":4},"end":{"line":46,"column":48}},"7":{"start":{"line":50,"column":4},"end":{"line":50,"column":50}}},"fnMap":{"0":{"name":"(anonymous_0)","decl":{"start":{"line":17,"column":2},"end":{"line":17,"column":3}},"loc":{"start":{"line":24,"column":5},"end":{"line":31,"column":3}},"line":24},"1":{"name":"(anonymous_1)","decl":{"start":{"line":33,"column":2},"end":{"line":33,"column":3}},"loc":{"start":{"line":39,"column":11},"end":{"line":43,"column":3}},"line":39},"2":{"name":"(anonymous_2)","decl":{"start":{"line":45,"column":2},"end":{"line":45,"column":3}},"loc":{"start":{"line":45,"column":41},"end":{"line":47,"column":3}},"line":45},"3":{"name":"(anonymous_3)","decl":{"start":{"line":49,"column":2},"end":{"line":49,"column":3}},"loc":{"start":{"line":49,"column":44},"end":{"line":51,"column":3}},"line":49}},"branchMap":{},"s":{"0":22,"1":22,"2":22,"3":22,"4":22,"5":18,"6":3,"7":1},"f":{"0":22,"1":18,"2":3,"3":1},"b":{},"_coverageSchema":"1a1c01bbd47fc00a2c39e90264f33305004495a9","hash":"7079105eca11568c9d79b4ef8f537c9874e38ec9"}
,"/home/marcos/Área de Trabalho/Projetos/react-native/src/core/domain/use-cases/DeleteDenuncia.ts": {"path":"/home/marcos/Área de Trabalho/Projetos/react-native/src/core/domain/use-cases/DeleteDenuncia.ts","statementMap":{"0":{"start":{"line":7,"column":19},"end":{"line":7,"column":25}},"1":{"start":{"line":9,"column":19},"end":{"line":9,"column":61}},"2":{"start":{"line":11,"column":4},"end":{"line":13,"column":5}},"3":{"start":{"line":12,"column":6},"end":{"line":12,"column":49}},"4":{"start":{"line":15,"column":4},"end":{"line":15,"column":45}}},"fnMap":{"0":{"name":"(anonymous_0)","decl":{"start":{"line":4,"column":2},"end":{"line":4,"column":3}},"loc":{"start":{"line":4,"column":72},"end":{"line":4,"column":74}},"line":4},"1":{"name":"(anonymous_1)","decl":{"start":{"line":6,"column":2},"end":{"line":6,"column":3}},"loc":{"start":{"line":6,"column":55},"end":{"line":16,"column":3}},"line":6}},"branchMap":{"0":{"loc":{"start":{"line":11,"column":4},"end":{"line":13,"column":5}},"type":"if","locations":[{"start":{"line":11,"column":4},"end":{"line":13,"column":5}},{"start":{},"end":{}}],"line":11}},"s":{"0":1,"1":1,"2":1,"3":0,"4":1},"f":{"0":3,"1":1},"b":{"0":[0,1]},"_coverageSchema":"1a1c01bbd47fc00a2c39e90264f33305004495a9","hash":"74d6bdac19c0543209661f5c6fbc921d62200050"}
,"/home/marcos/Área de Trabalho/Projetos/react-native/src/core/domain/use-cases/DeleteUser.ts": {"path":"/home/marcos/Área de Trabalho/Projetos/react-native/src/core/domain/use-cases/DeleteUser.ts","statementMap":{"0":{"start":{"line":7,"column":19},"end":{"line":7,"column":25}},"1":{"start":{"line":9,"column":17},"end":{"line":9,"column":55}},"2":{"start":{"line":11,"column":4},"end":{"line":13,"column":5}},"3":{"start":{"line":12,"column":6},"end":{"line":12,"column":40}},"4":{"start":{"line":15,"column":4},"end":{"line":15,"column":41}}},"fnMap":{"0":{"name":"(anonymous_0)","decl":{"start":{"line":4,"column":2},"end":{"line":4,"column":3}},"loc":{"start":{"line":4,"column":64},"end":{"line":4,"column":66}},"line":4},"1":{"name":"(anonymous_1)","decl":{"start":{"line":6,"column":2},"end":{"line":6,"column":3}},"loc":{"start":{"line":6,"column":55},"end":{"line":16,"column":3}},"line":6}},"branchMap":{"0":{"loc":{"start":{"line":11,"column":4},"end":{"line":13,"column":5}},"type":"if","locations":[{"start":{"line":11,"column":4},"end":{"line":13,"column":5}},{"start":{},"end":{}}],"line":11}},"s":{"0":2,"1":2,"2":2,"3":1,"4":1},"f":{"0":4,"1":2},"b":{"0":[1,1]},"_coverageSchema":"1a1c01bbd47fc00a2c39e90264f33305004495a9","hash":"f2d3e3a0aa9861f82a4d571e3996d162d1bc2d6d"}
,"/home/marcos/Área de Trabalho/Projetos/react-native/src/core/domain/use-cases/FindAllDenuncias.ts": {"path":"/home/marcos/Área de Trabalho/Projetos/react-native/src/core/domain/use-cases/FindAllDenuncias.ts","statementMap":{"0":{"start":{"line":27,"column":22},"end":{"line":27,"column":61}},"1":{"start":{"line":29,"column":33},"end":{"line":39,"column":5}},"2":{"start":{"line":31,"column":25},"end":{"line":31,"column":101}},"3":{"start":{"line":33,"column":8},"end":{"line":37,"column":10}},"4":{"start":{"line":41,"column":4},"end":{"line":41,"column":32}}},"fnMap":{"0":{"name":"(anonymous_0)","decl":{"start":{"line":21,"column":2},"end":{"line":21,"column":3}},"loc":{"start":{"line":24,"column":4},"end":{"line":24,"column":6}},"line":24},"1":{"name":"(anonymous_1)","decl":{"start":{"line":26,"column":2},"end":{"line":26,"column":3}},"loc":{"start":{"line":26,"column":50},"end":{"line":42,"column":3}},"line":26},"2":{"name":"(anonymous_2)","decl":{"start":{"line":30,"column":20},"end":{"line":30,"column":21}},"loc":{"start":{"line":30,"column":40},"end":{"line":38,"column":7}},"line":30}},"branchMap":{},"s":{"0":2,"1":2,"2":2,"3":2,"4":2},"f":{"0":4,"1":2,"2":2},"b":{},"_coverageSchema":"1a1c01bbd47fc00a2c39e90264f33305004495a9","hash":"b91806dbe40ff50019d13abf4bbbd1b66f239a83"}
,"/home/marcos/Área de Trabalho/Projetos/react-native/src/core/domain/use-cases/FindDenuncia.ts": {"path":"/home/marcos/Área de Trabalho/Projetos/react-native/src/core/domain/use-cases/FindDenuncia.ts","statementMap":{"0":{"start":{"line":8,"column":4},"end":{"line":8,"column":55}}},"fnMap":{"0":{"name":"(anonymous_0)","decl":{"start":{"line":5,"column":2},"end":{"line":5,"column":3}},"loc":{"start":{"line":5,"column":72},"end":{"line":5,"column":74}},"line":5},"1":{"name":"(anonymous_1)","decl":{"start":{"line":7,"column":2},"end":{"line":7,"column":3}},"loc":{"start":{"line":7,"column":66},"end":{"line":9,"column":3}},"line":7}},"branchMap":{},"s":{"0":1},"f":{"0":3,"1":1},"b":{},"_coverageSchema":"1a1c01bbd47fc00a2c39e90264f33305004495a9","hash":"ba8935c300a6f9fc9279022dbcceb114f3ee3aef"}
,"/home/marcos/Área de Trabalho/Projetos/react-native/src/core/domain/use-cases/FindDenunciaByUserId.ts": {"path":"/home/marcos/Área de Trabalho/Projetos/react-native/src/core/domain/use-cases/FindDenunciaByUserId.ts","statementMap":{"0":{"start":{"line":12,"column":22},"end":{"line":12,"column":72}},"1":{"start":{"line":13,"column":4},"end":{"line":13,"column":21}}},"fnMap":{"0":{"name":"(anonymous_0)","decl":{"start":{"line":9,"column":2},"end":{"line":9,"column":3}},"loc":{"start":{"line":9,"column":72},"end":{"line":9,"column":74}},"line":9},"1":{"name":"(anonymous_1)","decl":{"start":{"line":11,"column":2},"end":{"line":11,"column":3}},"loc":{"start":{"line":11,"column":56},"end":{"line":14,"column":3}},"line":11}},"branchMap":{},"s":{"0":2,"1":2},"f":{"0":4,"1":2},"b":{},"_coverageSchema":"1a1c01bbd47fc00a2c39e90264f33305004495a9","hash":"9afec4eb63ce30c6f4c55ea90c4f8eb78da4e456"}
,"/home/marcos/Área de Trabalho/Projetos/react-native/src/core/domain/use-cases/FindUser.ts": {"path":"/home/marcos/Área de Trabalho/Projetos/react-native/src/core/domain/use-cases/FindUser.ts","statementMap":{"0":{"start":{"line":8,"column":4},"end":{"line":8,"column":51}}},"fnMap":{"0":{"name":"(anonymous_0)","decl":{"start":{"line":5,"column":2},"end":{"line":5,"column":3}},"loc":{"start":{"line":5,"column":64},"end":{"line":5,"column":66}},"line":5},"1":{"name":"(anonymous_1)","decl":{"start":{"line":7,"column":2},"end":{"line":7,"column":3}},"loc":{"start":{"line":7,"column":62},"end":{"line":9,"column":3}},"line":7}},"branchMap":{},"s":{"0":2},"f":{"0":4,"1":2},"b":{},"_coverageSchema":"1a1c01bbd47fc00a2c39e90264f33305004495a9","hash":"b27a8d16c41293fcb35e570c300e41f83546454d"}
,"/home/marcos/Área de Trabalho/Projetos/react-native/src/core/domain/use-cases/LoginUser.ts": {"path":"/home/marcos/Área de Trabalho/Projetos/react-native/src/core/domain/use-cases/LoginUser.ts","statementMap":{"0":{"start":{"line":12,"column":32},"end":{"line":12,"column":38}},"1":{"start":{"line":14,"column":17},"end":{"line":14,"column":61}},"2":{"start":{"line":16,"column":4},"end":{"line":18,"column":5}},"3":{"start":{"line":17,"column":6},"end":{"line":17,"column":45}},"4":{"start":{"line":20,"column":28},"end":{"line":23,"column":5}},"5":{"start":{"line":25,"column":4},"end":{"line":27,"column":5}},"6":{"start":{"line":26,"column":6},"end":{"line":26,"column":45}},"7":{"start":{"line":29,"column":4},"end":{"line":29,"column":16}},"8":{"start":{"line":36,"column":4},"end":{"line":36,"column":51}}},"fnMap":{"0":{"name":"(anonymous_0)","decl":{"start":{"line":6,"column":2},"end":{"line":6,"column":3}},"loc":{"start":{"line":6,"column":64},"end":{"line":6,"column":66}},"line":6},"1":{"name":"(anonymous_1)","decl":{"start":{"line":8,"column":2},"end":{"line":8,"column":3}},"loc":{"start":{"line":11,"column":20},"end":{"line":30,"column":3}},"line":11},"2":{"name":"(anonymous_2)","decl":{"start":{"line":32,"column":2},"end":{"line":32,"column":3}},"loc":{"start":{"line":35,"column":22},"end":{"line":37,"column":3}},"line":35}},"branchMap":{"0":{"loc":{"start":{"line":16,"column":4},"end":{"line":18,"column":5}},"type":"if","locations":[{"start":{"line":16,"column":4},"end":{"line":18,"column":5}},{"start":{},"end":{}}],"line":16},"1":{"loc":{"start":{"line":25,"column":4},"end":{"line":27,"column":5}},"type":"if","locations":[{"start":{"line":25,"column":4},"end":{"line":27,"column":5}},{"start":{},"end":{}}],"line":25}},"s":{"0":3,"1":3,"2":3,"3":1,"4":2,"5":2,"6":1,"7":1,"8":2},"f":{"0":5,"1":3,"2":2},"b":{"0":[1,2],"1":[1,1]},"_coverageSchema":"1a1c01bbd47fc00a2c39e90264f33305004495a9","hash":"6ce5f667c26dcb230c99a7c928eca09aa28a4bd6"}
,"/home/marcos/Área de Trabalho/Projetos/react-native/src/core/domain/use-cases/LogoutUser.ts": {"path":"/home/marcos/Área de Trabalho/Projetos/react-native/src/core/domain/use-cases/LogoutUser.ts","statementMap":{"0":{"start":{"line":7,"column":4},"end":{"line":7,"column":53}}},"fnMap":{"0":{"name":"(anonymous_0)","decl":{"start":{"line":2,"column":2},"end":{"line":2,"column":3}},"loc":{"start":{"line":2,"column":16},"end":{"line":2,"column":18}},"line":2},"1":{"name":"(anonymous_1)","decl":{"start":{"line":4,"column":2},"end":{"line":4,"column":3}},"loc":{"start":{"line":4,"column":59},"end":{"line":8,"column":3}},"line":4}},"branchMap":{},"s":{"0":2},"f":{"0":4,"1":2},"b":{},"_coverageSchema":"1a1c01bbd47fc00a2c39e90264f33305004495a9","hash":"3f9114b07a32eae81f54e6a04e6331924f79c50d"}
,"/home/marcos/Área de Trabalho/Projetos/react-native/src/core/domain/use-cases/RegisterDenuncia.ts": {"path":"/home/marcos/Área de Trabalho/Projetos/react-native/src/core/domain/use-cases/RegisterDenuncia.ts","statementMap":{"0":{"start":{"line":16,"column":53},"end":{"line":16,"column":59}},"1":{"start":{"line":18,"column":21},"end":{"line":24,"column":6}},"2":{"start":{"line":26,"column":4},"end":{"line":26,"column":49}},"3":{"start":{"line":28,"column":4},"end":{"line":28,"column":20}}},"fnMap":{"0":{"name":"(anonymous_0)","decl":{"start":{"line":8,"column":2},"end":{"line":8,"column":3}},"loc":{"start":{"line":8,"column":72},"end":{"line":8,"column":74}},"line":8},"1":{"name":"(anonymous_1)","decl":{"start":{"line":10,"column":2},"end":{"line":10,"column":3}},"loc":{"start":{"line":15,"column":24},"end":{"line":29,"column":3}},"line":15}},"branchMap":{},"s":{"0":6,"1":6,"2":6,"3":6},"f":{"0":9,"1":6},"b":{},"_coverageSchema":"1a1c01bbd47fc00a2c39e90264f33305004495a9","hash":"4f70d9ce6577d96433149b2a930dffccad413f66"}
,"/home/marcos/Área de Trabalho/Projetos/react-native/src/core/domain/use-cases/RegisterUser.ts": {"path":"/home/marcos/Área de Trabalho/Projetos/react-native/src/core/domain/use-cases/RegisterUser.ts","statementMap":{"0":{"start":{"line":17,"column":44},"end":{"line":17,"column":50}},"1":{"start":{"line":19,"column":23},"end":{"line":19,"column":67}},"2":{"start":{"line":21,"column":4},"end":{"line":23,"column":5}},"3":{"start":{"line":22,"column":6},"end":{"line":22,"column":43}},"4":{"start":{"line":25,"column":27},"end":{"line":25,"column":60}},"5":{"start":{"line":28,"column":17},"end":{"line":34,"column":6}},"6":{"start":{"line":37,"column":4},"end":{"line":37,"column":41}},"7":{"start":{"line":39,"column":4},"end":{"line":39,"column":16}},"8":{"start":{"line":44,"column":4},"end":{"line":44,"column":32}}},"fnMap":{"0":{"name":"(anonymous_0)","decl":{"start":{"line":9,"column":2},"end":{"line":9,"column":3}},"loc":{"start":{"line":9,"column":64},"end":{"line":9,"column":66}},"line":9},"1":{"name":"(anonymous_1)","decl":{"start":{"line":11,"column":2},"end":{"line":11,"column":3}},"loc":{"start":{"line":16,"column":20},"end":{"line":40,"column":3}},"line":16},"2":{"name":"(anonymous_2)","decl":{"start":{"line":42,"column":2},"end":{"line":42,"column":3}},"loc":{"start":{"line":42,"column":64},"end":{"line":45,"column":3}},"line":42}},"branchMap":{"0":{"loc":{"start":{"line":21,"column":4},"end":{"line":23,"column":5}},"type":"if","locations":[{"start":{"line":21,"column":4},"end":{"line":23,"column":5}},{"start":{},"end":{}}],"line":21}},"s":{"0":9,"1":9,"2":9,"3":1,"4":8,"5":8,"6":8,"7":8,"8":8},"f":{"0":10,"1":9,"2":8},"b":{"0":[1,8]},"_coverageSchema":"1a1c01bbd47fc00a2c39e90264f33305004495a9","hash":"6291e61967c4b0bd34c03b0ec1549628f22b890e"}
,"/home/marcos/Área de Trabalho/Projetos/react-native/src/core/domain/use-cases/UpdateDenuncia.ts": {"path":"/home/marcos/Área de Trabalho/Projetos/react-native/src/core/domain/use-cases/UpdateDenuncia.ts","statementMap":{"0":{"start":{"line":15,"column":51},"end":{"line":15,"column":57}},"1":{"start":{"line":17,"column":30},"end":{"line":17,"column":72}},"2":{"start":{"line":19,"column":4},"end":{"line":21,"column":5}},"3":{"start":{"line":20,"column":6},"end":{"line":20,"column":49}},"4":{"start":{"line":23,"column":29},"end":{"line":23,"column":46}},"5":{"start":{"line":26,"column":4},"end":{"line":28,"column":5}},"6":{"start":{"line":27,"column":6},"end":{"line":27,"column":73}},"7":{"start":{"line":29,"column":4},"end":{"line":31,"column":5}},"8":{"start":{"line":30,"column":6},"end":{"line":30,"column":77}},"9":{"start":{"line":33,"column":4},"end":{"line":47,"column":5}},"10":{"start":{"line":34,"column":6},"end":{"line":46,"column":7}},"11":{"start":{"line":36,"column":10},"end":{"line":36,"column":67}},"12":{"start":{"line":37,"column":10},"end":{"line":37,"column":16}},"13":{"start":{"line":39,"column":10},"end":{"line":39,"column":61}},"14":{"start":{"line":40,"column":10},"end":{"line":40,"column":16}},"15":{"start":{"line":42,"column":10},"end":{"line":42,"column":61}},"16":{"start":{"line":43,"column":10},"end":{"line":43,"column":16}},"17":{"start":{"line":45,"column":10},"end":{"line":45,"column":16}},"18":{"start":{"line":49,"column":4},"end":{"line":49,"column":61}},"19":{"start":{"line":51,"column":4},"end":{"line":51,"column":30}}},"fnMap":{"0":{"name":"(anonymous_0)","decl":{"start":{"line":7,"column":2},"end":{"line":7,"column":3}},"loc":{"start":{"line":7,"column":72},"end":{"line":7,"column":74}},"line":7},"1":{"name":"(anonymous_1)","decl":{"start":{"line":9,"column":2},"end":{"line":9,"column":3}},"loc":{"start":{"line":14,"column":24},"end":{"line":52,"column":3}},"line":14}},"branchMap":{"0":{"loc":{"start":{"line":19,"column":4},"end":{"line":21,"column":5}},"type":"if","locations":[{"start":{"line":19,"column":4},"end":{"line":21,"column":5}},{"start":{},"end":{}}],"line":19},"1":{"loc":{"start":{"line":26,"column":4},"end":{"line":28,"column":5}},"type":"if","locations":[{"start":{"line":26,"column":4},"end":{"line":28,"column":5}},{"start":{},"end":{}}],"line":26},"2":{"loc":{"start":{"line":29,"column":4},"end":{"line":31,"column":5}},"type":"if","locations":[{"start":{"line":29,"column":4},"end":{"line":31,"column":5}},{"start":{},"end":{}}],"line":29},"3":{"loc":{"start":{"line":33,"column":4},"end":{"line":47,"column":5}},"type":"if","locations":[{"start":{"line":33,"column":4},"end":{"line":47,"column":5}},{"start":{},"end":{}}],"line":33},"4":{"loc":{"start":{"line":34,"column":6},"end":{"line":46,"column":7}},"type":"switch","locations":[{"start":{"line":35,"column":8},"end":{"line":37,"column":16}},{"start":{"line":38,"column":8},"end":{"line":40,"column":16}},{"start":{"line":41,"column":8},"end":{"line":43,"column":16}},{"start":{"line":44,"column":8},"end":{"line":45,"column":16}}],"line":34}},"s":{"0":4,"1":4,"2":4,"3":1,"4":3,"5":3,"6":1,"7":3,"8":2,"9":3,"10":1,"11":1,"12":1,"13":0,"14":0,"15":0,"16":0,"17":0,"18":3,"19":3},"f":{"0":6,"1":4},"b":{"0":[1,3],"1":[1,2],"2":[2,1],"3":[1,2],"4":[1,0,0,0]},"_coverageSchema":"1a1c01bbd47fc00a2c39e90264f33305004495a9","hash":"4a4e1e19fdcd52555efb45cbd2eb735d503f5714"}
,"/home/marcos/Área de Trabalho/Projetos/react-native/src/core/domain/use-cases/UpdateUser.ts": {"path":"/home/marcos/Área de Trabalho/Projetos/react-native/src/core/domain/use-cases/UpdateUser.ts","statementMap":{"0":{"start":{"line":16,"column":38},"end":{"line":16,"column":44}},"1":{"start":{"line":18,"column":26},"end":{"line":18,"column":64}},"2":{"start":{"line":20,"column":4},"end":{"line":22,"column":5}},"3":{"start":{"line":21,"column":6},"end":{"line":21,"column":48}},"4":{"start":{"line":24,"column":25},"end":{"line":24,"column":38}},"5":{"start":{"line":26,"column":4},"end":{"line":28,"column":5}},"6":{"start":{"line":27,"column":6},"end":{"line":27,"column":68}},"7":{"start":{"line":30,"column":4},"end":{"line":32,"column":5}},"8":{"start":{"line":31,"column":6},"end":{"line":31,"column":71}},"9":{"start":{"line":34,"column":4},"end":{"line":34,"column":53}},"10":{"start":{"line":36,"column":4},"end":{"line":36,"column":26}}},"fnMap":{"0":{"name":"(anonymous_0)","decl":{"start":{"line":8,"column":2},"end":{"line":8,"column":3}},"loc":{"start":{"line":8,"column":64},"end":{"line":8,"column":66}},"line":8},"1":{"name":"(anonymous_1)","decl":{"start":{"line":10,"column":2},"end":{"line":10,"column":3}},"loc":{"start":{"line":15,"column":20},"end":{"line":37,"column":3}},"line":15}},"branchMap":{"0":{"loc":{"start":{"line":20,"column":4},"end":{"line":22,"column":5}},"type":"if","locations":[{"start":{"line":20,"column":4},"end":{"line":22,"column":5}},{"start":{},"end":{}}],"line":20},"1":{"loc":{"start":{"line":26,"column":4},"end":{"line":28,"column":5}},"type":"if","locations":[{"start":{"line":26,"column":4},"end":{"line":28,"column":5}},{"start":{},"end":{}}],"line":26},"2":{"loc":{"start":{"line":30,"column":4},"end":{"line":32,"column":5}},"type":"if","locations":[{"start":{"line":30,"column":4},"end":{"line":32,"column":5}},{"start":{},"end":{}}],"line":30}},"s":{"0":5,"1":5,"2":5,"3":1,"4":4,"5":4,"6":1,"7":4,"8":1,"9":4,"10":4},"f":{"0":7,"1":5},"b":{"0":[1,4],"1":[1,3],"2":[1,3]},"_coverageSchema":"1a1c01bbd47fc00a2c39e90264f33305004495a9","hash":"4e173c37d286d89ca5a14df3d5fcead6f6ee8af8"}
,"/home/marcos/Área de Trabalho/Projetos/react-native/src/core/domain/value-objects/Email.ts": {"path":"/home/marcos/Área de Trabalho/Projetos/react-native/src/core/domain/value-objects/Email.ts","statementMap":{"0":{"start":{"line":5,"column":4},"end":{"line":7,"column":5}},"1":{"start":{"line":6,"column":6},"end":{"line":6,"column":40}},"2":{"start":{"line":8,"column":4},"end":{"line":8,"column":28}},"3":{"start":{"line":13,"column":23},"end":{"line":13,"column":57}},"4":{"start":{"line":14,"column":4},"end":{"line":14,"column":34}}},"fnMap":{"0":{"name":"(anonymous_0)","decl":{"start":{"line":2,"column":2},"end":{"line":2,"column":3}},"loc":{"start":{"line":2,"column":46},"end":{"line":2,"column":48}},"line":2},"1":{"name":"(anonymous_1)","decl":{"start":{"line":4,"column":2},"end":{"line":4,"column":3}},"loc":{"start":{"line":4,"column":38},"end":{"line":9,"column":3}},"line":4},"2":{"name":"(anonymous_2)","decl":{"start":{"line":11,"column":2},"end":{"line":11,"column":3}},"loc":{"start":{"line":11,"column":50},"end":{"line":15,"column":3}},"line":11}},"branchMap":{"0":{"loc":{"start":{"line":5,"column":4},"end":{"line":7,"column":5}},"type":"if","locations":[{"start":{"line":5,"column":4},"end":{"line":7,"column":5}},{"start":{},"end":{}}],"line":5}},"s":{"0":21,"1":1,"2":20,"3":21,"4":21},"f":{"0":20,"1":21,"2":21},"b":{"0":[1,20]},"_coverageSchema":"1a1c01bbd47fc00a2c39e90264f33305004495a9","hash":"fbcdd3291ca503af55c198a222762462d1925537"}
,"/home/marcos/Área de Trabalho/Projetos/react-native/src/core/domain/value-objects/GeoCoordinates.ts": {"path":"/home/marcos/Área de Trabalho/Projetos/react-native/src/core/domain/value-objects/GeoCoordinates.ts","statementMap":{"0":{"start":{"line":5,"column":4},"end":{"line":7,"column":5}},"1":{"start":{"line":6,"column":6},"end":{"line":6,"column":49}},"2":{"start":{"line":8,"column":4},"end":{"line":8,"column":51}},"3":{"start":{"line":12,"column":4},"end":{"line":12,"column":86}}},"fnMap":{"0":{"name":"(anonymous_0)","decl":{"start":{"line":2,"column":2},"end":{"line":2,"column":3}},"loc":{"start":{"line":2,"column":77},"end":{"line":2,"column":79}},"line":2},"1":{"name":"(anonymous_1)","decl":{"start":{"line":4,"column":2},"end":{"line":4,"column":3}},"loc":{"start":{"line":4,"column":69},"end":{"line":9,"column":3}},"line":4},"2":{"name":"(anonymous_2)","decl":{"start":{"line":11,"column":2},"end":{"line":11,"column":3}},"loc":{"start":{"line":11,"column":72},"end":{"line":13,"column":3}},"line":11}},"branchMap":{"0":{"loc":{"start":{"line":5,"column":4},"end":{"line":7,"column":5}},"type":"if","locations":[{"start":{"line":5,"column":4},"end":{"line":7,"column":5}},{"start":{},"end":{}}],"line":5},"1":{"loc":{"start":{"line":12,"column":11},"end":{"line":12,"column":85}},"type":"binary-expr","locations":[{"start":{"line":12,"column":11},"end":{"line":12,"column":26}},{"start":{"line":12,"column":30},"end":{"line":12,"column":44}},{"start":{"line":12,"column":48},"end":{"line":12,"column":65}},{"start":{"line":12,"column":69},"end":{"line":12,"column":85}}],"line":12}},"s":{"0":23,"1":2,"2":21,"3":23},"f":{"0":21,"1":23,"2":23},"b":{"0":[2,21],"1":[23,23,22,22]},"_coverageSchema":"1a1c01bbd47fc00a2c39e90264f33305004495a9","hash":"f699b7b2be7aab065c51058c70c0a50da775c83e"}
,"/home/marcos/Área de Trabalho/Projetos/react-native/src/core/domain/value-objects/Name.ts": {"path":"/home/marcos/Área de Trabalho/Projetos/react-native/src/core/domain/value-objects/Name.ts","statementMap":{"0":{"start":{"line":5,"column":4},"end":{"line":7,"column":5}},"1":{"start":{"line":6,"column":6},"end":{"line":6,"column":38}},"2":{"start":{"line":8,"column":4},"end":{"line":8,"column":26}},"3":{"start":{"line":12,"column":4},"end":{"line":12,"column":27}}},"fnMap":{"0":{"name":"(anonymous_0)","decl":{"start":{"line":2,"column":2},"end":{"line":2,"column":3}},"loc":{"start":{"line":2,"column":46},"end":{"line":2,"column":48}},"line":2},"1":{"name":"(anonymous_1)","decl":{"start":{"line":4,"column":2},"end":{"line":4,"column":3}},"loc":{"start":{"line":4,"column":36},"end":{"line":9,"column":3}},"line":4},"2":{"name":"(anonymous_2)","decl":{"start":{"line":11,"column":2},"end":{"line":11,"column":3}},"loc":{"start":{"line":11,"column":49},"end":{"line":13,"column":3}},"line":11}},"branchMap":{"0":{"loc":{"start":{"line":5,"column":4},"end":{"line":7,"column":5}},"type":"if","locations":[{"start":{"line":5,"column":4},"end":{"line":7,"column":5}},{"start":{},"end":{}}],"line":5}},"s":{"0":23,"1":1,"2":22,"3":23},"f":{"0":22,"1":23,"2":23},"b":{"0":[1,22]},"_coverageSchema":"1a1c01bbd47fc00a2c39e90264f33305004495a9","hash":"196310f5ac3ab864edd3387c54c70bcd444aa7e7"}
,"/home/marcos/Área de Trabalho/Projetos/react-native/src/core/domain/value-objects/Password.ts": {"path":"/home/marcos/Área de Trabalho/Projetos/react-native/src/core/domain/value-objects/Password.ts","statementMap":{"0":{"start":{"line":5,"column":4},"end":{"line":7,"column":5}},"1":{"start":{"line":6,"column":6},"end":{"line":6,"column":42}},"2":{"start":{"line":8,"column":4},"end":{"line":8,"column":34}},"3":{"start":{"line":12,"column":4},"end":{"line":12,"column":32}}},"fnMap":{"0":{"name":"(anonymous_0)","decl":{"start":{"line":2,"column":2},"end":{"line":2,"column":3}},"loc":{"start":{"line":2,"column":46},"end":{"line":2,"column":48}},"line":2},"1":{"name":"(anonymous_1)","decl":{"start":{"line":4,"column":2},"end":{"line":4,"column":3}},"loc":{"start":{"line":4,"column":44},"end":{"line":9,"column":3}},"line":4},"2":{"name":"(anonymous_2)","decl":{"start":{"line":11,"column":2},"end":{"line":11,"column":3}},"loc":{"start":{"line":11,"column":53},"end":{"line":13,"column":3}},"line":11}},"branchMap":{"0":{"loc":{"start":{"line":5,"column":4},"end":{"line":7,"column":5}},"type":"if","locations":[{"start":{"line":5,"column":4},"end":{"line":7,"column":5}},{"start":{},"end":{}}],"line":5}},"s":{"0":20,"1":1,"2":19,"3":20},"f":{"0":19,"1":20,"2":20},"b":{"0":[1,19]},"_coverageSchema":"1a1c01bbd47fc00a2c39e90264f33305004495a9","hash":"10b880598322ef08161e38d5fa767d880367c4a0"}
,"/home/marcos/Área de Trabalho/Projetos/react-native/src/core/domain/value-objects/Photo.ts": {"path":"/home/marcos/Área de Trabalho/Projetos/react-native/src/core/domain/value-objects/Photo.ts","statementMap":{"0":{"start":{"line":5,"column":4},"end":{"line":7,"column":5}},"1":{"start":{"line":6,"column":6},"end":{"line":6,"column":56}},"2":{"start":{"line":8,"column":4},"end":{"line":8,"column":29}},"3":{"start":{"line":13,"column":21},"end":{"line":13,"column":82}},"4":{"start":{"line":14,"column":22},"end":{"line":14,"column":50}},"5":{"start":{"line":16,"column":4},"end":{"line":16,"column":33}}},"fnMap":{"0":{"name":"(anonymous_0)","decl":{"start":{"line":2,"column":2},"end":{"line":2,"column":3}},"loc":{"start":{"line":2,"column":44},"end":{"line":2,"column":46}},"line":2},"1":{"name":"(anonymous_1)","decl":{"start":{"line":4,"column":2},"end":{"line":4,"column":3}},"loc":{"start":{"line":4,"column":39},"end":{"line":9,"column":3}},"line":4},"2":{"name":"(anonymous_2)","decl":{"start":{"line":11,"column":2},"end":{"line":11,"column":3}},"loc":{"start":{"line":11,"column":51},"end":{"line":17,"column":3}},"line":11}},"branchMap":{"0":{"loc":{"start":{"line":5,"column":4},"end":{"line":7,"column":5}},"type":"if","locations":[{"start":{"line":5,"column":4},"end":{"line":7,"column":5}},{"start":{},"end":{}}],"line":5},"1":{"loc":{"start":{"line":13,"column":21},"end":{"line":13,"column":82}},"type":"binary-expr","locations":[{"start":{"line":13,"column":21},"end":{"line":13,"column":49}},{"start":{"line":13,"column":53},"end":{"line":13,"column":82}}],"line":13},"2":{"loc":{"start":{"line":16,"column":11},"end":{"line":16,"column":32}},"type":"binary-expr","locations":[{"start":{"line":16,"column":11},"end":{"line":16,"column":19}},{"start":{"line":16,"column":23},"end":{"line":16,"column":32}}],"line":16}},"s":{"0":19,"1":1,"2":18,"3":19,"4":19,"5":19},"f":{"0":18,"1":19,"2":19},"b":{"0":[1,18],"1":[19,19],"2":[19,17]},"_coverageSchema":"1a1c01bbd47fc00a2c39e90264f33305004495a9","hash":"64342647d3264571ab68e34543af67dc22b3bebd"}
,"/home/marcos/Área de Trabalho/Projetos/react-native/src/core/factories/makeDenunciaUseCases.ts": {"path":"/home/marcos/Área de Trabalho/Projetos/react-native/src/core/factories/makeDenunciaUseCases.ts","statementMap":{"0":{"start":{"line":12,"column":29},"end":{"line":12,"column":65}},"1":{"start":{"line":13,"column":27},"end":{"line":13,"column":53}},"2":{"start":{"line":15,"column":27},"end":{"line":15,"column":67}},"3":{"start":{"line":16,"column":25},"end":{"line":16,"column":63}},"4":{"start":{"line":17,"column":25},"end":{"line":17,"column":63}},"5":{"start":{"line":18,"column":23},"end":{"line":18,"column":59}},"6":{"start":{"line":19,"column":32},"end":{"line":19,"column":77}},"7":{"start":{"line":20,"column":27},"end":{"line":20,"column":85}},"8":{"start":{"line":22,"column":2},"end":{"line":29,"column":4}}},"fnMap":{"0":{"name":"makeDenunciaUseCases","decl":{"start":{"line":11,"column":16},"end":{"line":11,"column":36}},"loc":{"start":{"line":11,"column":39},"end":{"line":30,"column":1}},"line":11}},"branchMap":{},"s":{"0":2,"1":2,"2":2,"3":2,"4":2,"5":2,"6":2,"7":2,"8":2},"f":{"0":2},"b":{},"_coverageSchema":"1a1c01bbd47fc00a2c39e90264f33305004495a9","hash":"1460dd73741405f17daa0d7caa7e56f050c6fdd5"}
,"/home/marcos/Área de Trabalho/Projetos/react-native/src/core/factories/makeUserUseCases.ts": {"path":"/home/marcos/Área de Trabalho/Projetos/react-native/src/core/factories/makeUserUseCases.ts","statementMap":{"0":{"start":{"line":12,"column":42},"end":{"line":12,"column":74}},"1":{"start":{"line":14,"column":23},"end":{"line":14,"column":55}},"2":{"start":{"line":15,"column":20},"end":{"line":15,"column":49}},"3":{"start":{"line":16,"column":21},"end":{"line":16,"column":37}},"4":{"start":{"line":17,"column":21},"end":{"line":17,"column":51}},"5":{"start":{"line":18,"column":21},"end":{"line":18,"column":51}},"6":{"start":{"line":19,"column":19},"end":{"line":19,"column":47}},"7":{"start":{"line":21,"column":2},"end":{"line":28,"column":4}}},"fnMap":{"0":{"name":"makeUserUseCases","decl":{"start":{"line":10,"column":16},"end":{"line":10,"column":32}},"loc":{"start":{"line":10,"column":35},"end":{"line":29,"column":1}},"line":10}},"branchMap":{},"s":{"0":2,"1":2,"2":2,"3":2,"4":2,"5":2,"6":2,"7":2},"f":{"0":2},"b":{},"_coverageSchema":"1a1c01bbd47fc00a2c39e90264f33305004495a9","hash":"f07a22e3f53abecd11528ce56a044ae466bead97"}
,"/home/marcos/Área de Trabalho/Projetos/react-native/src/core/infra/repositories/MockDenunciaRepository.ts": {"path":"/home/marcos/Área de Trabalho/Projetos/react-native/src/core/infra/repositories/MockDenunciaRepository.ts","statementMap":{"0":{"start":{"line":6,"column":33},"end":{"line":6,"column":35}},"1":{"start":{"line":7,"column":59},"end":{"line":7,"column":63}},"2":{"start":{"line":10,"column":4},"end":{"line":12,"column":5}},"3":{"start":{"line":11,"column":6},"end":{"line":11,"column":69}},"4":{"start":{"line":13,"column":4},"end":{"line":13,"column":43}},"5":{"start":{"line":17,"column":4},"end":{"line":17,"column":34}},"6":{"start":{"line":21,"column":18},"end":{"line":21,"column":55}},"7":{"start":{"line":21,"column":43},"end":{"line":21,"column":54}},"8":{"start":{"line":22,"column":4},"end":{"line":22,"column":25}},"9":{"start":{"line":27,"column":18},"end":{"line":27,"column":65}},"10":{"start":{"line":27,"column":45},"end":{"line":27,"column":64}},"11":{"start":{"line":28,"column":4},"end":{"line":28,"column":17}},"12":{"start":{"line":33,"column":18},"end":{"line":33,"column":65}},"13":{"start":{"line":33,"column":45},"end":{"line":33,"column":64}},"14":{"start":{"line":34,"column":4},"end":{"line":34,"column":17}},"15":{"start":{"line":38,"column":26},"end":{"line":38,"column":77}},"16":{"start":{"line":38,"column":56},"end":{"line":38,"column":76}},"17":{"start":{"line":39,"column":4},"end":{"line":41,"column":5}},"18":{"start":{"line":40,"column":6},"end":{"line":40,"column":47}},"19":{"start":{"line":46,"column":4},"end":{"line":46,"column":61}},"20":{"start":{"line":46,"column":48},"end":{"line":46,"column":59}},"21":{"start":{"line":50,"column":4},"end":{"line":50,"column":26}}},"fnMap":{"0":{"name":"(anonymous_0)","decl":{"start":{"line":9,"column":2},"end":{"line":9,"column":3}},"loc":{"start":{"line":9,"column":54},"end":{"line":14,"column":3}},"line":9},"1":{"name":"(anonymous_1)","decl":{"start":{"line":16,"column":2},"end":{"line":16,"column":3}},"loc":{"start":{"line":16,"column":48},"end":{"line":18,"column":3}},"line":16},"2":{"name":"(anonymous_2)","decl":{"start":{"line":20,"column":2},"end":{"line":20,"column":3}},"loc":{"start":{"line":20,"column":55},"end":{"line":23,"column":3}},"line":20},"3":{"name":"(anonymous_3)","decl":{"start":{"line":21,"column":38},"end":{"line":21,"column":39}},"loc":{"start":{"line":21,"column":43},"end":{"line":21,"column":54}},"line":21},"4":{"name":"(anonymous_4)","decl":{"start":{"line":25,"column":2},"end":{"line":25,"column":3}},"loc":{"start":{"line":25,"column":58},"end":{"line":29,"column":3}},"line":25},"5":{"name":"(anonymous_5)","decl":{"start":{"line":27,"column":40},"end":{"line":27,"column":41}},"loc":{"start":{"line":27,"column":45},"end":{"line":27,"column":64}},"line":27},"6":{"name":"(anonymous_6)","decl":{"start":{"line":31,"column":2},"end":{"line":31,"column":3}},"loc":{"start":{"line":31,"column":66},"end":{"line":35,"column":3}},"line":31},"7":{"name":"(anonymous_7)","decl":{"start":{"line":33,"column":40},"end":{"line":33,"column":41}},"loc":{"start":{"line":33,"column":45},"end":{"line":33,"column":64}},"line":33},"8":{"name":"(anonymous_8)","decl":{"start":{"line":37,"column":2},"end":{"line":37,"column":3}},"loc":{"start":{"line":37,"column":50},"end":{"line":43,"column":3}},"line":37},"9":{"name":"(anonymous_9)","decl":{"start":{"line":38,"column":51},"end":{"line":38,"column":52}},"loc":{"start":{"line":38,"column":56},"end":{"line":38,"column":76}},"line":38},"10":{"name":"(anonymous_10)","decl":{"start":{"line":45,"column":2},"end":{"line":45,"column":3}},"loc":{"start":{"line":45,"column":42},"end":{"line":47,"column":3}},"line":45},"11":{"name":"(anonymous_11)","decl":{"start":{"line":46,"column":43},"end":{"line":46,"column":44}},"loc":{"start":{"line":46,"column":48},"end":{"line":46,"column":59}},"line":46},"12":{"name":"(anonymous_12)","decl":{"start":{"line":49,"column":2},"end":{"line":49,"column":3}},"loc":{"start":{"line":49,"column":39},"end":{"line":51,"column":3}},"line":49}},"branchMap":{"0":{"loc":{"start":{"line":10,"column":4},"end":{"line":12,"column":5}},"type":"if","locations":[{"start":{"line":10,"column":4},"end":{"line":12,"column":5}},{"start":{},"end":{}}],"line":10},"1":{"loc":{"start":{"line":22,"column":11},"end":{"line":22,"column":24}},"type":"binary-expr","locations":[{"start":{"line":22,"column":11},"end":{"line":22,"column":16}},{"start":{"line":22,"column":20},"end":{"line":22,"column":24}}],"line":22},"2":{"loc":{"start":{"line":39,"column":4},"end":{"line":41,"column":5}},"type":"if","locations":[{"start":{"line":39,"column":4},"end":{"line":41,"column":5}},{"start":{},"end":{}}],"line":39}},"s":{"0":8,"1":8,"2":15,"3":5,"4":15,"5":16,"6":12,"7":9,"8":12,"9":2,"10":4,"11":2,"12":0,"13":0,"14":0,"15":4,"16":4,"17":4,"18":4,"19":2,"20":2,"21":2},"f":{"0":15,"1":16,"2":12,"3":9,"4":2,"5":4,"6":0,"7":0,"8":4,"9":4,"10":2,"11":2,"12":2},"b":{"0":[5,10],"1":[12,3],"2":[4,0]},"_coverageSchema":"1a1c01bbd47fc00a2c39e90264f33305004495a9","hash":"d815f6fdf4bea578c6f939e8d986436ce563c99d"}
,"/home/marcos/Área de Trabalho/Projetos/react-native/src/core/infra/repositories/MockUserRepository.ts": {"path":"/home/marcos/Área de Trabalho/Projetos/react-native/src/core/infra/repositories/MockUserRepository.ts","statementMap":{"0":{"start":{"line":5,"column":27},"end":{"line":5,"column":29}},"1":{"start":{"line":7,"column":57},"end":{"line":7,"column":61}},"2":{"start":{"line":10,"column":6},"end":{"line":12,"column":7}},"3":{"start":{"line":11,"column":8},"end":{"line":11,"column":63}},"4":{"start":{"line":13,"column":6},"end":{"line":13,"column":41}},"5":{"start":{"line":16,"column":4},"end":{"line":16,"column":26}},"6":{"start":{"line":21,"column":6},"end":{"line":21,"column":73}},"7":{"start":{"line":21,"column":37},"end":{"line":21,"column":63}},"8":{"start":{"line":25,"column":6},"end":{"line":25,"column":61}},"9":{"start":{"line":25,"column":37},"end":{"line":25,"column":51}},"10":{"start":{"line":29,"column":24},"end":{"line":29,"column":67}},"11":{"start":{"line":29,"column":50},"end":{"line":29,"column":66}},"12":{"start":{"line":30,"column":6},"end":{"line":32,"column":7}},"13":{"start":{"line":31,"column":8},"end":{"line":31,"column":37}},"14":{"start":{"line":36,"column":6},"end":{"line":36,"column":61}},"15":{"start":{"line":36,"column":45},"end":{"line":36,"column":59}}},"fnMap":{"0":{"name":"(anonymous_0)","decl":{"start":{"line":9,"column":4},"end":{"line":9,"column":5}},"loc":{"start":{"line":9,"column":52},"end":{"line":14,"column":5}},"line":9},"1":{"name":"(anonymous_1)","decl":{"start":{"line":15,"column":6},"end":{"line":15,"column":7}},"loc":{"start":{"line":15,"column":44},"end":{"line":17,"column":3}},"line":15},"2":{"name":"(anonymous_2)","decl":{"start":{"line":19,"column":4},"end":{"line":19,"column":5}},"loc":{"start":{"line":19,"column":59},"end":{"line":22,"column":5}},"line":19},"3":{"name":"(anonymous_3)","decl":{"start":{"line":21,"column":29},"end":{"line":21,"column":30}},"loc":{"start":{"line":21,"column":37},"end":{"line":21,"column":63}},"line":21},"4":{"name":"(anonymous_4)","decl":{"start":{"line":24,"column":4},"end":{"line":24,"column":5}},"loc":{"start":{"line":24,"column":53},"end":{"line":26,"column":5}},"line":24},"5":{"name":"(anonymous_5)","decl":{"start":{"line":25,"column":29},"end":{"line":25,"column":30}},"loc":{"start":{"line":25,"column":37},"end":{"line":25,"column":51}},"line":25},"6":{"name":"(anonymous_6)","decl":{"start":{"line":28,"column":4},"end":{"line":28,"column":5}},"loc":{"start":{"line":28,"column":44},"end":{"line":33,"column":5}},"line":28},"7":{"name":"(anonymous_7)","decl":{"start":{"line":29,"column":45},"end":{"line":29,"column":46}},"loc":{"start":{"line":29,"column":50},"end":{"line":29,"column":66}},"line":29},"8":{"name":"(anonymous_8)","decl":{"start":{"line":35,"column":4},"end":{"line":35,"column":5}},"loc":{"start":{"line":35,"column":44},"end":{"line":37,"column":5}},"line":35},"9":{"name":"(anonymous_9)","decl":{"start":{"line":36,"column":37},"end":{"line":36,"column":38}},"loc":{"start":{"line":36,"column":45},"end":{"line":36,"column":59}},"line":36}},"branchMap":{"0":{"loc":{"start":{"line":10,"column":6},"end":{"line":12,"column":7}},"type":"if","locations":[{"start":{"line":10,"column":6},"end":{"line":12,"column":7}},{"start":{},"end":{}}],"line":10},"1":{"loc":{"start":{"line":21,"column":13},"end":{"line":21,"column":72}},"type":"binary-expr","locations":[{"start":{"line":21,"column":13},"end":{"line":21,"column":64}},{"start":{"line":21,"column":68},"end":{"line":21,"column":72}}],"line":21},"2":{"loc":{"start":{"line":25,"column":13},"end":{"line":25,"column":60}},"type":"binary-expr","locations":[{"start":{"line":25,"column":13},"end":{"line":25,"column":52}},{"start":{"line":25,"column":56},"end":{"line":25,"column":60}}],"line":25},"3":{"loc":{"start":{"line":30,"column":6},"end":{"line":32,"column":7}},"type":"if","locations":[{"start":{"line":30,"column":6},"end":{"line":32,"column":7}},{"start":{},"end":{}}],"line":30}},"s":{"0":14,"1":7,"2":10,"3":3,"4":10,"5":16,"6":15,"7":6,"8":12,"9":8,"10":5,"11":5,"12":5,"13":5,"14":1,"15":1},"f":{"0":10,"1":16,"2":15,"3":6,"4":12,"5":8,"6":5,"7":5,"8":1,"9":1},"b":{"0":[3,7],"1":[15,10],"2":[12,4],"3":[5,0]},"_coverageSchema":"1a1c01bbd47fc00a2c39e90264f33305004495a9","hash":"5364203b549f2c98bdb3d669ff0ca50228c76fb6"}
,"/home/marcos/Área de Trabalho/Projetos/react-native/src/core/infra/services/MockGeocodingService.ts": {"path":"/home/marcos/Área de Trabalho/Projetos/react-native/src/core/infra/services/MockGeocodingService.ts","statementMap":{"0":{"start":{"line":6,"column":4},"end":{"line":6,"column":92}},"1":{"start":{"line":7,"column":4},"end":{"line":10,"column":7}}},"fnMap":{"0":{"name":"(anonymous_0)","decl":{"start":{"line":5,"column":2},"end":{"line":5,"column":3}},"loc":{"start":{"line":5,"column":78},"end":{"line":11,"column":3}},"line":5}},"branchMap":{},"s":{"0":3,"1":3},"f":{"0":3},"b":{},"_coverageSchema":"1a1c01bbd47fc00a2c39e90264f33305004495a9","hash":"9128b1a16a13722661ae487705531def45b5e67a"}
}
