TN:
SF:src/core/domain/entities/Denuncia.ts
FN:15,(anonymous_0)
FN:33,(anonymous_1)
FN:51,(anonymous_2)
FN:55,(anonymous_3)
FN:59,(anonymous_4)
FN:64,(anonymous_5)
FN:68,(anonymous_6)
FNF:7
FNH:6
FNDA:22,(anonymous_0)
FNDA:14,(anonymous_1)
FNDA:2,(anonymous_2)
FNDA:1,(anonymous_3)
FNDA:0,(anonymous_4)
FNDA:3,(anonymous_5)
FNDA:2,(anonymous_6)
DA:24,22
DA:25,22
DA:26,22
DA:27,22
DA:28,22
DA:29,22
DA:30,22
DA:42,14
DA:52,2
DA:56,1
DA:60,0
DA:65,3
DA:69,2
LF:13
LH:12
BRDA:44,0,0,14
BRDA:44,0,1,3
BRF:2
BRH:2
end_of_record
TN:
SF:src/core/domain/entities/User.ts
FN:17,(anonymous_0)
FN:33,(anonymous_1)
FN:45,(anonymous_2)
FN:49,(anonymous_3)
FNF:4
FNH:4
FNDA:22,(anonymous_0)
FNDA:18,(anonymous_1)
FNDA:3,(anonymous_2)
FNDA:1,(anonymous_3)
DA:25,22
DA:26,22
DA:27,22
DA:28,22
DA:29,22
DA:40,18
DA:46,3
DA:50,1
LF:8
LH:8
BRF:0
BRH:0
end_of_record
TN:
SF:src/core/domain/use-cases/DeleteDenuncia.ts
FN:4,(anonymous_0)
FN:6,(anonymous_1)
FNF:2
FNH:2
FNDA:3,(anonymous_0)
FNDA:1,(anonymous_1)
DA:7,1
DA:9,1
DA:11,1
DA:12,0
DA:15,1
LF:5
LH:4
BRDA:11,0,0,0
BRDA:11,0,1,1
BRF:2
BRH:1
end_of_record
TN:
SF:src/core/domain/use-cases/DeleteUser.ts
FN:4,(anonymous_0)
FN:6,(anonymous_1)
FNF:2
FNH:2
FNDA:4,(anonymous_0)
FNDA:2,(anonymous_1)
DA:7,2
DA:9,2
DA:11,2
DA:12,1
DA:15,1
LF:5
LH:5
BRDA:11,0,0,1
BRDA:11,0,1,1
BRF:2
BRH:2
end_of_record
TN:
SF:src/core/domain/use-cases/FindDenuncia.ts
FN:5,(anonymous_0)
FN:7,(anonymous_1)
FNF:2
FNH:2
FNDA:3,(anonymous_0)
FNDA:1,(anonymous_1)
DA:8,1
LF:1
LH:1
BRF:0
BRH:0
end_of_record
TN:
SF:src/core/domain/use-cases/FindUser.ts
FN:5,(anonymous_0)
FN:7,(anonymous_1)
FNF:2
FNH:2
FNDA:4,(anonymous_0)
FNDA:2,(anonymous_1)
DA:8,2
LF:1
LH:1
BRF:0
BRH:0
end_of_record
TN:
SF:src/core/domain/use-cases/LoginUser.ts
FN:6,(anonymous_0)
FN:8,(anonymous_1)
FN:32,(anonymous_2)
FNF:3
FNH:3
FNDA:5,(anonymous_0)
FNDA:3,(anonymous_1)
FNDA:2,(anonymous_2)
DA:12,3
DA:14,3
DA:16,3
DA:17,1
DA:20,2
DA:25,2
DA:26,1
DA:29,1
DA:36,2
LF:9
LH:9
BRDA:16,0,0,1
BRDA:16,0,1,2
BRDA:25,1,0,1
BRDA:25,1,1,1
BRF:4
BRH:4
end_of_record
TN:
SF:src/core/domain/use-cases/LogoutUser.ts
FN:2,(anonymous_0)
FN:4,(anonymous_1)
FNF:2
FNH:2
FNDA:4,(anonymous_0)
FNDA:2,(anonymous_1)
DA:7,2
LF:1
LH:1
BRF:0
BRH:0
end_of_record
TN:
SF:src/core/domain/use-cases/RegisterDenuncia.ts
FN:8,(anonymous_0)
FN:10,(anonymous_1)
FNF:2
FNH:2
FNDA:9,(anonymous_0)
FNDA:6,(anonymous_1)
DA:16,6
DA:18,6
DA:26,6
DA:28,6
LF:4
LH:4
BRF:0
BRH:0
end_of_record
TN:
SF:src/core/domain/use-cases/RegisterUser.ts
FN:9,(anonymous_0)
FN:11,(anonymous_1)
FN:42,(anonymous_2)
FNF:3
FNH:3
FNDA:10,(anonymous_0)
FNDA:9,(anonymous_1)
FNDA:8,(anonymous_2)
DA:17,9
DA:19,9
DA:21,9
DA:22,1
DA:25,8
DA:28,8
DA:37,8
DA:39,8
DA:44,8
LF:9
LH:9
BRDA:21,0,0,1
BRDA:21,0,1,8
BRF:2
BRH:2
end_of_record
TN:
SF:src/core/domain/use-cases/UpdateDenuncia.ts
FN:7,(anonymous_0)
FN:9,(anonymous_1)
FNF:2
FNH:2
FNDA:6,(anonymous_0)
FNDA:4,(anonymous_1)
DA:15,4
DA:17,4
DA:19,4
DA:20,1
DA:23,3
DA:26,3
DA:27,1
DA:29,3
DA:30,2
DA:33,3
DA:34,1
DA:36,1
DA:37,1
DA:39,0
DA:40,0
DA:42,0
DA:43,0
DA:45,0
DA:49,3
DA:51,3
LF:20
LH:15
BRDA:19,0,0,1
BRDA:19,0,1,3
BRDA:26,1,0,1
BRDA:26,1,1,2
BRDA:29,2,0,2
BRDA:29,2,1,1
BRDA:33,3,0,1
BRDA:33,3,1,2
BRDA:34,4,0,1
BRDA:34,4,1,0
BRDA:34,4,2,0
BRDA:34,4,3,0
BRF:12
BRH:9
end_of_record
TN:
SF:src/core/domain/use-cases/UpdateUser.ts
FN:8,(anonymous_0)
FN:10,(anonymous_1)
FNF:2
FNH:2
FNDA:7,(anonymous_0)
FNDA:5,(anonymous_1)
DA:16,5
DA:18,5
DA:20,5
DA:21,1
DA:24,4
DA:26,4
DA:27,1
DA:30,4
DA:31,1
DA:34,4
DA:36,4
LF:11
LH:11
BRDA:20,0,0,1
BRDA:20,0,1,4
BRDA:26,1,0,1
BRDA:26,1,1,3
BRDA:30,2,0,1
BRDA:30,2,1,3
BRF:6
BRH:6
end_of_record
TN:
SF:src/core/domain/value-objects/Email.ts
FN:2,(anonymous_0)
FN:4,(anonymous_1)
FN:11,(anonymous_2)
FNF:3
FNH:3
FNDA:20,(anonymous_0)
FNDA:21,(anonymous_1)
FNDA:21,(anonymous_2)
DA:5,21
DA:6,1
DA:8,20
DA:13,21
DA:14,21
LF:5
LH:5
BRDA:5,0,0,1
BRDA:5,0,1,20
BRF:2
BRH:2
end_of_record
TN:
SF:src/core/domain/value-objects/GeoCoordinates.ts
FN:2,(anonymous_0)
FN:4,(anonymous_1)
FN:11,(anonymous_2)
FNF:3
FNH:3
FNDA:14,(anonymous_0)
FNDA:16,(anonymous_1)
FNDA:16,(anonymous_2)
DA:5,16
DA:6,2
DA:8,14
DA:12,16
LF:4
LH:4
BRDA:5,0,0,2
BRDA:5,0,1,14
BRDA:12,1,0,16
BRDA:12,1,1,16
BRDA:12,1,2,15
BRDA:12,1,3,15
BRF:6
BRH:6
end_of_record
TN:
SF:src/core/domain/value-objects/Name.ts
FN:2,(anonymous_0)
FN:4,(anonymous_1)
FN:11,(anonymous_2)
FNF:3
FNH:3
FNDA:22,(anonymous_0)
FNDA:23,(anonymous_1)
FNDA:23,(anonymous_2)
DA:5,23
DA:6,1
DA:8,22
DA:12,23
LF:4
LH:4
BRDA:5,0,0,1
BRDA:5,0,1,22
BRF:2
BRH:2
end_of_record
TN:
SF:src/core/domain/value-objects/Password.ts
FN:2,(anonymous_0)
FN:4,(anonymous_1)
FN:11,(anonymous_2)
FNF:3
FNH:3
FNDA:19,(anonymous_0)
FNDA:20,(anonymous_1)
FNDA:20,(anonymous_2)
DA:5,20
DA:6,1
DA:8,19
DA:12,20
LF:4
LH:4
BRDA:5,0,0,1
BRDA:5,0,1,19
BRF:2
BRH:2
end_of_record
TN:
SF:src/core/domain/value-objects/Photo.ts
FN:2,(anonymous_0)
FN:4,(anonymous_1)
FN:11,(anonymous_2)
FNF:3
FNH:3
FNDA:12,(anonymous_0)
FNDA:13,(anonymous_1)
FNDA:13,(anonymous_2)
DA:5,13
DA:6,1
DA:8,12
DA:13,13
DA:14,13
DA:16,13
LF:6
LH:6
BRDA:5,0,0,1
BRDA:5,0,1,12
BRDA:13,1,0,13
BRDA:13,1,1,13
BRDA:16,2,0,13
BRDA:16,2,1,11
BRF:6
BRH:6
end_of_record
TN:
SF:src/core/factories/makeDenunciaUseCases.ts
FN:10,makeDenunciaUseCases
FNF:1
FNH:1
FNDA:2,makeDenunciaUseCases
DA:12,2
DA:15,2
DA:16,2
DA:17,2
DA:18,2
DA:21,2
LF:6
LH:6
BRF:0
BRH:0
end_of_record
TN:
SF:src/core/factories/makeUserUseCases.ts
FN:10,makeUserUseCases
FNF:1
FNH:1
FNDA:2,makeUserUseCases
DA:12,2
DA:14,2
DA:15,2
DA:16,2
DA:17,2
DA:18,2
DA:19,2
DA:21,2
LF:8
LH:8
BRF:0
BRH:0
end_of_record
TN:
SF:src/core/infra/repositories/MockDenunciaRepository.ts
FN:9,(anonymous_0)
FN:16,(anonymous_1)
FN:20,(anonymous_2)
FN:21,(anonymous_3)
FN:25,(anonymous_4)
FN:27,(anonymous_5)
FN:31,(anonymous_6)
FN:33,(anonymous_7)
FN:37,(anonymous_8)
FN:38,(anonymous_9)
FN:45,(anonymous_10)
FN:46,(anonymous_11)
FN:49,(anonymous_12)
FNF:13
FNH:8
FNDA:11,(anonymous_0)
FNDA:10,(anonymous_1)
FNDA:12,(anonymous_2)
FNDA:9,(anonymous_3)
FNDA:0,(anonymous_4)
FNDA:0,(anonymous_5)
FNDA:0,(anonymous_6)
FNDA:0,(anonymous_7)
FNDA:4,(anonymous_8)
FNDA:4,(anonymous_9)
FNDA:2,(anonymous_10)
FNDA:2,(anonymous_11)
FNDA:0,(anonymous_12)
DA:6,6
DA:7,6
DA:10,11
DA:11,3
DA:13,11
DA:17,10
DA:21,12
DA:22,12
DA:27,0
DA:28,0
DA:33,0
DA:34,0
DA:38,4
DA:39,4
DA:40,4
DA:46,2
DA:50,0
LF:17
LH:12
BRDA:10,0,0,3
BRDA:10,0,1,8
BRDA:22,1,0,12
BRDA:22,1,1,3
BRDA:39,2,0,4
BRDA:39,2,1,0
BRF:6
BRH:5
end_of_record
TN:
SF:src/core/infra/repositories/MockUserRepository.ts
FN:9,(anonymous_0)
FN:15,(anonymous_1)
FN:19,(anonymous_2)
FN:21,(anonymous_3)
FN:24,(anonymous_4)
FN:25,(anonymous_5)
FN:28,(anonymous_6)
FN:29,(anonymous_7)
FN:35,(anonymous_8)
FN:36,(anonymous_9)
FNF:10
FNH:10
FNDA:10,(anonymous_0)
FNDA:16,(anonymous_1)
FNDA:15,(anonymous_2)
FNDA:6,(anonymous_3)
FNDA:12,(anonymous_4)
FNDA:8,(anonymous_5)
FNDA:5,(anonymous_6)
FNDA:5,(anonymous_7)
FNDA:1,(anonymous_8)
FNDA:1,(anonymous_9)
DA:5,14
DA:7,7
DA:10,10
DA:11,3
DA:13,10
DA:16,16
DA:21,15
DA:25,12
DA:29,5
DA:30,5
DA:31,5
DA:36,1
LF:12
LH:12
BRDA:10,0,0,3
BRDA:10,0,1,7
BRDA:21,1,0,15
BRDA:21,1,1,10
BRDA:25,2,0,12
BRDA:25,2,1,4
BRDA:30,3,0,5
BRDA:30,3,1,0
BRF:8
BRH:7
end_of_record
