TN:
SF:src/core/domain/entities/Denuncia.ts
FN:15,(anonymous_0)
FN:33,(anonymous_1)
FN:51,(anonymous_2)
FN:55,(anonymous_3)
FN:59,(anonymous_4)
FN:64,(anonymous_5)
FN:68,(anonymous_6)
FNF:7
FNH:6
FNDA:31,(anonymous_0)
FNDA:21,(anonymous_1)
FNDA:3,(anonymous_2)
FNDA:1,(anonymous_3)
FNDA:0,(anonymous_4)
FNDA:4,(anonymous_5)
FNDA:2,(anonymous_6)
DA:24,31
DA:25,31
DA:26,31
DA:27,31
DA:28,31
DA:29,31
DA:30,31
DA:42,21
DA:52,3
DA:56,1
DA:60,0
DA:65,4
DA:69,2
LF:13
LH:12
BRDA:44,0,0,21
BRDA:44,0,1,9
BRF:2
BRH:2
end_of_record
TN:
SF:src/core/domain/entities/User.ts
FN:17,(anonymous_0)
FN:33,(anonymous_1)
FN:45,(anonymous_2)
FN:49,(anonymous_3)
FNF:4
FNH:4
FNDA:22,(anonymous_0)
FNDA:18,(anonymous_1)
FNDA:3,(anonymous_2)
FNDA:1,(anonymous_3)
DA:25,22
DA:26,22
DA:27,22
DA:28,22
DA:29,22
DA:40,18
DA:46,3
DA:50,1
LF:8
LH:8
BRF:0
BRH:0
end_of_record
TN:
SF:src/core/domain/use-cases/DeleteDenuncia.ts
FN:4,(anonymous_0)
FN:6,(anonymous_1)
FNF:2
FNH:2
FNDA:4,(anonymous_0)
FNDA:2,(anonymous_1)
DA:7,2
DA:9,2
DA:11,2
DA:12,0
DA:15,2
LF:5
LH:4
BRDA:11,0,0,0
BRDA:11,0,1,2
BRF:2
BRH:1
end_of_record
TN:
SF:src/core/domain/use-cases/DeleteUser.ts
FN:4,(anonymous_0)
FN:6,(anonymous_1)
FNF:2
FNH:2
FNDA:4,(anonymous_0)
FNDA:2,(anonymous_1)
DA:7,2
DA:9,2
DA:11,2
DA:12,1
DA:15,1
LF:5
LH:5
BRDA:11,0,0,1
BRDA:11,0,1,1
BRF:2
BRH:2
end_of_record
TN:
SF:src/core/domain/use-cases/FindAllDenuncias.ts
FN:21,(anonymous_0)
FN:26,(anonymous_1)
FN:30,(anonymous_2)
FNF:3
FNH:3
FNDA:5,(anonymous_0)
FNDA:2,(anonymous_1)
FNDA:2,(anonymous_2)
DA:27,2
DA:29,2
DA:31,2
DA:33,2
DA:41,2
LF:5
LH:5
BRF:0
BRH:0
end_of_record
TN:
SF:src/core/domain/use-cases/FindDenuncia.ts
FN:5,(anonymous_0)
FN:7,(anonymous_1)
FNF:2
FNH:2
FNDA:4,(anonymous_0)
FNDA:2,(anonymous_1)
DA:8,2
LF:1
LH:1
BRF:0
BRH:0
end_of_record
TN:
SF:src/core/domain/use-cases/FindDenunciaByUserId.ts
FN:9,(anonymous_0)
FN:11,(anonymous_1)
FNF:2
FNH:2
FNDA:5,(anonymous_0)
FNDA:2,(anonymous_1)
DA:12,2
DA:13,2
LF:2
LH:2
BRF:0
BRH:0
end_of_record
TN:
SF:src/core/domain/use-cases/FindUser.ts
FN:5,(anonymous_0)
FN:7,(anonymous_1)
FNF:2
FNH:2
FNDA:4,(anonymous_0)
FNDA:2,(anonymous_1)
DA:8,2
LF:1
LH:1
BRF:0
BRH:0
end_of_record
TN:
SF:src/core/domain/use-cases/LoginUser.ts
FN:6,(anonymous_0)
FN:8,(anonymous_1)
FN:32,(anonymous_2)
FNF:3
FNH:3
FNDA:5,(anonymous_0)
FNDA:3,(anonymous_1)
FNDA:2,(anonymous_2)
DA:12,3
DA:14,3
DA:16,3
DA:17,1
DA:20,2
DA:25,2
DA:26,1
DA:29,1
DA:36,2
LF:9
LH:9
BRDA:16,0,0,1
BRDA:16,0,1,2
BRDA:25,1,0,1
BRDA:25,1,1,1
BRF:4
BRH:4
end_of_record
TN:
SF:src/core/domain/use-cases/LogoutUser.ts
FN:2,(anonymous_0)
FN:4,(anonymous_1)
FNF:2
FNH:2
FNDA:4,(anonymous_0)
FNDA:2,(anonymous_1)
DA:7,2
LF:1
LH:1
BRF:0
BRH:0
end_of_record
TN:
SF:src/core/domain/use-cases/RegisterDenuncia.ts
FN:8,(anonymous_0)
FN:10,(anonymous_1)
FNF:2
FNH:2
FNDA:10,(anonymous_0)
FNDA:7,(anonymous_1)
DA:16,7
DA:18,7
DA:26,7
DA:28,7
LF:4
LH:4
BRF:0
BRH:0
end_of_record
TN:
SF:src/core/domain/use-cases/RegisterUser.ts
FN:9,(anonymous_0)
FN:11,(anonymous_1)
FN:42,(anonymous_2)
FNF:3
FNH:3
FNDA:10,(anonymous_0)
FNDA:9,(anonymous_1)
FNDA:8,(anonymous_2)
DA:17,9
DA:19,9
DA:21,9
DA:22,1
DA:25,8
DA:28,8
DA:37,8
DA:39,8
DA:44,8
LF:9
LH:9
BRDA:21,0,0,1
BRDA:21,0,1,8
BRF:2
BRH:2
end_of_record
TN:
SF:src/core/domain/use-cases/UpdateDenuncia.ts
FN:7,(anonymous_0)
FN:9,(anonymous_1)
FNF:2
FNH:2
FNDA:7,(anonymous_0)
FNDA:5,(anonymous_1)
DA:15,5
DA:17,5
DA:19,5
DA:20,1
DA:23,4
DA:26,4
DA:27,2
DA:29,4
DA:30,2
DA:33,4
DA:34,2
DA:36,2
DA:37,2
DA:39,0
DA:40,0
DA:42,0
DA:43,0
DA:45,0
DA:49,4
DA:51,4
LF:20
LH:15
BRDA:19,0,0,1
BRDA:19,0,1,4
BRDA:26,1,0,2
BRDA:26,1,1,2
BRDA:29,2,0,2
BRDA:29,2,1,2
BRDA:33,3,0,2
BRDA:33,3,1,2
BRDA:34,4,0,2
BRDA:34,4,1,0
BRDA:34,4,2,0
BRDA:34,4,3,0
BRF:12
BRH:9
end_of_record
TN:
SF:src/core/domain/use-cases/UpdateUser.ts
FN:8,(anonymous_0)
FN:10,(anonymous_1)
FNF:2
FNH:2
FNDA:7,(anonymous_0)
FNDA:5,(anonymous_1)
DA:16,5
DA:18,5
DA:20,5
DA:21,1
DA:24,4
DA:26,4
DA:27,1
DA:30,4
DA:31,1
DA:34,4
DA:36,4
LF:11
LH:11
BRDA:20,0,0,1
BRDA:20,0,1,4
BRDA:26,1,0,1
BRDA:26,1,1,3
BRDA:30,2,0,1
BRDA:30,2,1,3
BRF:6
BRH:6
end_of_record
TN:
SF:src/core/domain/value-objects/Email.ts
FN:2,(anonymous_0)
FN:4,(anonymous_1)
FN:11,(anonymous_2)
FNF:3
FNH:3
FNDA:20,(anonymous_0)
FNDA:21,(anonymous_1)
FNDA:21,(anonymous_2)
DA:5,21
DA:6,1
DA:8,20
DA:13,21
DA:14,21
LF:5
LH:5
BRDA:5,0,0,1
BRDA:5,0,1,20
BRF:2
BRH:2
end_of_record
TN:
SF:src/core/domain/value-objects/GeoCoordinates.ts
FN:2,(anonymous_0)
FN:4,(anonymous_1)
FN:11,(anonymous_2)
FNF:3
FNH:3
FNDA:22,(anonymous_0)
FNDA:24,(anonymous_1)
FNDA:24,(anonymous_2)
DA:5,24
DA:6,2
DA:8,22
DA:12,24
LF:4
LH:4
BRDA:5,0,0,2
BRDA:5,0,1,22
BRDA:12,1,0,24
BRDA:12,1,1,24
BRDA:12,1,2,23
BRDA:12,1,3,23
BRF:6
BRH:6
end_of_record
TN:
SF:src/core/domain/value-objects/Name.ts
FN:2,(anonymous_0)
FN:4,(anonymous_1)
FN:11,(anonymous_2)
FNF:3
FNH:3
FNDA:22,(anonymous_0)
FNDA:23,(anonymous_1)
FNDA:23,(anonymous_2)
DA:5,23
DA:6,1
DA:8,22
DA:12,23
LF:4
LH:4
BRDA:5,0,0,1
BRDA:5,0,1,22
BRF:2
BRH:2
end_of_record
TN:
SF:src/core/domain/value-objects/Password.ts
FN:2,(anonymous_0)
FN:4,(anonymous_1)
FN:11,(anonymous_2)
FNF:3
FNH:3
FNDA:19,(anonymous_0)
FNDA:20,(anonymous_1)
FNDA:20,(anonymous_2)
DA:5,20
DA:6,1
DA:8,19
DA:12,20
LF:4
LH:4
BRDA:5,0,0,1
BRDA:5,0,1,19
BRF:2
BRH:2
end_of_record
TN:
SF:src/core/domain/value-objects/Photo.ts
FN:2,(anonymous_0)
FN:4,(anonymous_1)
FN:11,(anonymous_2)
FNF:3
FNH:3
FNDA:19,(anonymous_0)
FNDA:20,(anonymous_1)
FNDA:20,(anonymous_2)
DA:5,20
DA:6,1
DA:8,19
DA:13,20
DA:14,20
DA:16,20
LF:6
LH:6
BRDA:5,0,0,1
BRDA:5,0,1,19
BRDA:13,1,0,20
BRDA:13,1,1,20
BRDA:16,2,0,20
BRDA:16,2,1,18
BRF:6
BRH:6
end_of_record
TN:
SF:src/core/factories/makeDenunciaUseCases.ts
FN:11,makeDenunciaUseCases
FNF:1
FNH:1
FNDA:3,makeDenunciaUseCases
DA:12,3
DA:13,3
DA:15,3
DA:16,3
DA:17,3
DA:18,3
DA:19,3
DA:20,3
DA:22,3
LF:9
LH:9
BRF:0
BRH:0
end_of_record
TN:
SF:src/core/factories/makeUserUseCases.ts
FN:10,makeUserUseCases
FNF:1
FNH:1
FNDA:2,makeUserUseCases
DA:12,2
DA:14,2
DA:15,2
DA:16,2
DA:17,2
DA:18,2
DA:19,2
DA:21,2
LF:8
LH:8
BRF:0
BRH:0
end_of_record
TN:
SF:src/core/infra/repositories/MockDenunciaRepository.ts
FN:10,(anonymous_0)
FN:17,(anonymous_1)
FN:21,(anonymous_2)
FN:22,(anonymous_3)
FN:26,(anonymous_4)
FN:28,(anonymous_5)
FN:32,(anonymous_6)
FN:34,(anonymous_7)
FN:38,(anonymous_8)
FN:39,(anonymous_9)
FN:46,(anonymous_10)
FN:47,(anonymous_11)
FN:50,(anonymous_12)
FNF:13
FNH:11
FNDA:17,(anonymous_0)
FNDA:17,(anonymous_1)
FNDA:17,(anonymous_2)
FNDA:13,(anonymous_3)
FNDA:2,(anonymous_4)
FNDA:4,(anonymous_5)
FNDA:0,(anonymous_6)
FNDA:0,(anonymous_7)
FNDA:5,(anonymous_8)
FNDA:5,(anonymous_9)
FNDA:3,(anonymous_10)
FNDA:3,(anonymous_11)
FNDA:2,(anonymous_12)
DA:7,9
DA:8,9
DA:11,17
DA:12,6
DA:14,17
DA:18,17
DA:22,17
DA:23,17
DA:28,4
DA:29,2
DA:34,0
DA:35,0
DA:39,5
DA:40,5
DA:41,5
DA:47,3
DA:51,2
LF:17
LH:15
BRDA:11,0,0,6
BRDA:11,0,1,11
BRDA:23,1,0,17
BRDA:23,1,1,4
BRDA:40,2,0,5
BRDA:40,2,1,0
BRF:6
BRH:5
end_of_record
TN:
SF:src/core/infra/repositories/MockUserRepository.ts
FN:9,(anonymous_0)
FN:15,(anonymous_1)
FN:19,(anonymous_2)
FN:21,(anonymous_3)
FN:24,(anonymous_4)
FN:25,(anonymous_5)
FN:28,(anonymous_6)
FN:29,(anonymous_7)
FN:35,(anonymous_8)
FN:36,(anonymous_9)
FNF:10
FNH:10
FNDA:10,(anonymous_0)
FNDA:16,(anonymous_1)
FNDA:15,(anonymous_2)
FNDA:6,(anonymous_3)
FNDA:12,(anonymous_4)
FNDA:8,(anonymous_5)
FNDA:5,(anonymous_6)
FNDA:5,(anonymous_7)
FNDA:1,(anonymous_8)
FNDA:1,(anonymous_9)
DA:5,14
DA:7,7
DA:10,10
DA:11,3
DA:13,10
DA:16,16
DA:21,15
DA:25,12
DA:29,5
DA:30,5
DA:31,5
DA:36,1
LF:12
LH:12
BRDA:10,0,0,3
BRDA:10,0,1,7
BRDA:21,1,0,15
BRDA:21,1,1,10
BRDA:25,2,0,12
BRDA:25,2,1,4
BRDA:30,3,0,5
BRDA:30,3,1,0
BRF:8
BRH:7
end_of_record
TN:
SF:src/core/infra/services/MockGeocodingService.ts
FN:5,(anonymous_0)
FNF:1
FNH:1
FNDA:3,(anonymous_0)
DA:6,3
DA:7,3
LF:2
LH:2
BRF:0
BRH:0
end_of_record
